[debug] [2018-11-26T16:53:54.847Z] ----------------------------------------------------------------------
[debug] [2018-11-26T16:53:54.848Z] Command:       C:\Program Files\nodejs\node.exe C:\Users\Admin\AppData\Roaming\npm\node_modules\firebase-tools\bin\firebase serve --only functions
[debug] [2018-11-26T16:53:54.849Z] CLI Version:   3.16.0
[debug] [2018-11-26T16:53:54.849Z] Platform:      win32
[debug] [2018-11-26T16:53:54.849Z] Node Version:  v10.13.0
[debug] [2018-11-26T16:53:54.850Z] Time:          Mon Nov 26 2018 17:53:54 GMT+0100 (GMT+01:00)
[debug] [2018-11-26T16:53:54.850Z] ----------------------------------------------------------------------
[debug] 
[debug] [2018-11-26T16:53:54.861Z] > command requires scopes: ["email","openid","https://www.googleapis.com/auth/cloudplatformprojects.readonly","https://www.googleapis.com/auth/firebase","https://www.googleapis.com/auth/cloud-platform"]
[debug] [2018-11-26T16:53:54.861Z] > authorizing via signed-in user
[debug] [2018-11-26T16:53:54.863Z] >>> HTTP REQUEST GET https://admin.firebase.com/v1/projects/lode-1835e  
  
 Mon Nov 26 2018 17:53:54 GMT+0100 (GMT+01:00)
[debug] [2018-11-26T16:53:55.581Z] <<< HTTP RESPONSE 200
[debug] [2018-11-26T16:53:55.581Z] >>> HTTP REQUEST GET https://admin.firebase.com/v1/database/lode-1835e/tokens  
  
 Mon Nov 26 2018 17:53:55 GMT+0100 (GMT+01:00)
[debug] [2018-11-26T16:53:56.138Z] <<< HTTP RESPONSE 200
[info] 
[info] === Serving from 'C:\Users\Admin\Desktop\Projekty\vypseneLodeAngular7'...
[info] 
[info] i  functions: Preparing to emulate functions.
[debug] [2018-11-26T16:53:56.930Z] >>> HTTP REQUEST GET https://appengine.googleapis.com/v1/apps/lode-1835e  
  
 Mon Nov 26 2018 17:53:56 GMT+0100 (GMT+01:00)
[debug] [2018-11-26T16:53:56.930Z] >>> HTTP REQUEST GET https://apikeys.googleapis.com/v1/projects/lode-1835e/apiKeys  
  
 Mon Nov 26 2018 17:53:56 GMT+0100 (GMT+01:00)
[debug] [2018-11-26T16:53:57.911Z] <<< HTTP RESPONSE 200
[debug] [2018-11-26T16:53:57.956Z] <<< HTTP RESPONSE 200
[info] +  functions: matches: http://localhost:5000/lode-1835e/us-central1/matches
